# JRE version: 7.0_17-b02
# Java VM: Java HotSpot(TM) 64-Bit Server VM (23.7-b01 mixed mode windows-amd64 compressed oops)
Heap
 PSYoungGen      total 139200K, used 117726K [0x00000000f5560000, 0x0000000100000000, 0x0000000100000000)
  eden space 108416K, 84% used [0x00000000f5560000,0x00000000faf46480,0x00000000fbf40000)
  from space 30784K, 83% used [0x00000000fe1f0000,0x00000000ffb01548,0x0000000100000000)
  to   space 33152K, 0% used [0x00000000fbf40000,0x00000000fbf40000,0x00000000fdfa0000)
 ParOldGen       total 63360K, used 48169K [0x00000000e0000000, 0x00000000e3de0000, 0x00000000f5560000)
  object space 63360K, 76% used [0x00000000e0000000,0x00000000e2f0a4e0,0x00000000e3de0000)
 PSPermGen       total 23488K, used 19847K [0x00000000dae00000, 0x00000000dc4f0000, 0x00000000e0000000)
  object space 23488K, 84% used [0x00000000dae00000,0x00000000dc161c08,0x00000000dc4f0000)
GC Heap History (10 events):
Event: 47.179 GC heap before
{Heap before GC invocations=8 (full 1):
 PSYoungGen      total 70080K, used 66054K [0x00000000f5560000, 0x00000000faa90000, 0x0000000100000000)
  eden space 57280K, 100% used [0x00000000f5560000,0x00000000f8d50000,0x00000000f8d50000)
  from space 12800K, 68% used [0x00000000f9e10000,0x00000000fa6a19a8,0x00000000faa90000)
  to   space 14976K, 0% used [0x00000000f8d50000,0x00000000f8d50000,0x00000000f9bf0000)
 ParOldGen       total 63360K, used 37727K [0x00000000e0000000, 0x00000000e3de0000, 0x00000000f5560000)
  object space 63360K, 59% used [0x00000000e0000000,0x00000000e24d7db0,0x00000000e3de0000)
 PSPermGen       total 21248K, used 13095K [0x00000000dae00000, 0x00000000dc2c0000, 0x00000000e0000000)
  object space 21248K, 61% used [0x00000000dae00000,0x00000000dbac9fa8,0x00000000dc2c0000)
Event: 47.207 GC heap after
Heap after GC invocations=8 (full 1):
 PSYoungGen      total 72256K, used 14944K [0x00000000f5560000, 0x00000000fd690000, 0x0000000100000000)
  eden space 57280K, 0% used [0x00000000f5560000,0x00000000f5560000,0x00000000f8d50000)
  from space 14976K, 99% used [0x00000000f8d50000,0x00000000f9be8050,0x00000000f9bf0000)
  to   space 17856K, 0% used [0x00000000fc520000,0x00000000fc520000,0x00000000fd690000)
 ParOldGen       total 63360K, used 39941K [0x00000000e0000000, 0x00000000e3de0000, 0x00000000f5560000)
  object space 63360K, 63% used [0x00000000e0000000,0x00000000e2701598,0x00000000e3de0000)
 PSPermGen       total 21248K, used 13095K [0x00000000dae00000, 0x00000000dc2c0000, 0x00000000e0000000)
  object space 21248K, 61% used [0x00000000dae00000,0x00000000dbac9fa8,0x00000000dc2c0000)
}
Event: 53.709 GC heap before
{Heap before GC invocations=9 (full 1):
 PSYoungGen      total 72256K, used 72224K [0x00000000f5560000, 0x00000000fd690000, 0x0000000100000000)
  eden space 57280K, 100% used [0x00000000f5560000,0x00000000f8d50000,0x00000000f8d50000)
  from space 14976K, 99% used [0x00000000f8d50000,0x00000000f9be8050,0x00000000f9bf0000)
  to   space 17856K, 0% used [0x00000000fc520000,0x00000000fc520000,0x00000000fd690000)
 ParOldGen       total 63360K, used 39941K [0x00000000e0000000, 0x00000000e3de0000, 0x00000000f5560000)
  object space 63360K, 63% used [0x00000000e0000000,0x00000000e2701598,0x00000000e3de0000)
 PSPermGen       total 21248K, used 13658K [0x00000000dae00000, 0x00000000dc2c0000, 0x00000000e0000000)
  object space 21248K, 64% used [0x00000000dae00000,0x00000000dbb56b90,0x00000000dc2c0000)
Event: 53.747 GC heap after
Heap after GC invocations=9 (full 1):
 PSYoungGen      total 109632K, used 17836K [0x00000000f5560000, 0x00000000fdca0000, 0x0000000100000000)
  eden space 91776K, 0% used [0x00000000f5560000,0x00000000f5560000,0x00000000faf00000)
  from space 17856K, 99% used [0x00000000fc520000,0x00000000fd68b080,0x00000000fd690000)
  to   space 22656K, 0% used [0x00000000faf00000,0x00000000faf00000,0x00000000fc520000)
 ParOldGen       total 63360K, used 45891K [0x00000000e0000000, 0x00000000e3de0000, 0x00000000f5560000)
  object space 63360K, 72% used [0x00000000e0000000,0x00000000e2cd0fc0,0x00000000e3de0000)
 PSPermGen       total 21248K, used 13658K [0x00000000dae00000, 0x00000000dc2c0000, 0x00000000e0000000)
  object space 21248K, 64% used [0x00000000dae00000,0x00000000dbb56b90,0x00000000dc2c0000)
}
Event: 64.155 GC heap before
{Heap before GC invocations=10 (full 1):
 PSYoungGen      total 109632K, used 109238K [0x00000000f5560000, 0x00000000fdca0000, 0x0000000100000000)
  eden space 91776K, 99% used [0x00000000f5560000,0x00000000faea2928,0x00000000faf00000)
  from space 17856K, 99% used [0x00000000fc520000,0x00000000fd68b080,0x00000000fd690000)
  to   space 22656K, 0% used [0x00000000faf00000,0x00000000faf00000,0x00000000fc520000)
 ParOldGen       total 63360K, used 45891K [0x00000000e0000000, 0x00000000e3de0000, 0x00000000f5560000)
  object space 63360K, 72% used [0x00000000e0000000,0x00000000e2cd0fc0,0x00000000e3de0000)
 PSPermGen       total 21248K, used 15264K [0x00000000dae00000, 0x00000000dc2c0000, 0x00000000e0000000)
  object space 21248K, 71% used [0x00000000dae00000,0x00000000dbce80e0,0x00000000dc2c0000)
Event: 64.218 GC heap after
Heap after GC invocations=10 (full 1):
 PSYoungGen      total 114432K, used 22640K [0x00000000f5560000, 0x0000000100000000, 0x0000000100000000)
  eden space 91776K, 0% used [0x00000000f5560000,0x00000000f5560000,0x00000000faf00000)
  from space 22656K, 99% used [0x00000000faf00000,0x00000000fc51c080,0x00000000fc520000)
  to   space 30784K, 0% used [0x00000000fe1f0000,0x00000000fe1f0000,0x0000000100000000)
 ParOldGen       total 63360K, used 58659K [0x00000000e0000000, 0x00000000e3de0000, 0x00000000f5560000)
  object space 63360K, 92% used [0x00000000e0000000,0x00000000e3948f08,0x00000000e3de0000)
 PSPermGen       total 21248K, used 15264K [0x00000000dae00000, 0x00000000dc2c0000, 0x00000000e0000000)
  object space 21248K, 71% used [0x00000000dae00000,0x00000000dbce80e0,0x00000000dc2c0000)
}
Event: 64.218 GC heap before
{Heap before GC invocations=11 (full 2):
 PSYoungGen      total 114432K, used 22640K [0x00000000f5560000, 0x0000000100000000, 0x0000000100000000)
  eden space 91776K, 0% used [0x00000000f5560000,0x00000000f5560000,0x00000000faf00000)
  from space 22656K, 99% used [0x00000000faf00000,0x00000000fc51c080,0x00000000fc520000)
  to   space 30784K, 0% used [0x00000000fe1f0000,0x00000000fe1f0000,0x0000000100000000)
 ParOldGen       total 63360K, used 58659K [0x00000000e0000000, 0x00000000e3de0000, 0x00000000f5560000)
  object space 63360K, 92% used [0x00000000e0000000,0x00000000e3948f08,0x00000000e3de0000)
 PSPermGen       total 21248K, used 15264K [0x00000000dae00000, 0x00000000dc2c0000, 0x00000000e0000000)
  object space 21248K, 71% used [0x00000000dae00000,0x00000000dbce80e0,0x00000000dc2c0000)
Event: 64.630 GC heap after
Heap after GC invocations=11 (full 2):
 PSYoungGen      total 114432K, used 0K [0x00000000f5560000, 0x0000000100000000, 0x0000000100000000)
  eden space 91776K, 0% used [0x00000000f5560000,0x00000000f5560000,0x00000000faf00000)
  from space 22656K, 0% used [0x00000000faf00000,0x00000000faf00000,0x00000000fc520000)
  to   space 30784K, 0% used [0x00000000fe1f0000,0x00000000fe1f0000,0x0000000100000000)
 ParOldGen       total 63360K, used 48169K [0x00000000e0000000, 0x00000000e3de0000, 0x00000000f5560000)
  object space 63360K, 76% used [0x00000000e0000000,0x00000000e2f0a4e0,0x00000000e3de0000)
 PSPermGen       total 23488K, used 15245K [0x00000000dae00000, 0x00000000dc4f0000, 0x00000000e0000000)
  object space 23488K, 64% used [0x00000000dae00000,0x00000000dbce3400,0x00000000dc4f0000)
}
Event: 83.168 GC heap before
{Heap before GC invocations=12 (full 2):
 PSYoungGen      total 114432K, used 91776K [0x00000000f5560000, 0x0000000100000000, 0x0000000100000000)
  eden space 91776K, 100% used [0x00000000f5560000,0x00000000faf00000,0x00000000faf00000)
  from space 22656K, 0% used [0x00000000faf00000,0x00000000faf00000,0x00000000fc520000)
  to   space 30784K, 0% used [0x00000000fe1f0000,0x00000000fe1f0000,0x0000000100000000)
 ParOldGen       total 63360K, used 48169K [0x00000000e0000000, 0x00000000e3de0000, 0x00000000f5560000)
  object space 63360K, 76% used [0x00000000e0000000,0x00000000e2f0a4e0,0x00000000e3de0000)
 PSPermGen       total 23488K, used 17836K [0x00000000dae00000, 0x00000000dc4f0000, 0x00000000e0000000)
  object space 23488K, 75% used [0x00000000dae00000,0x00000000dbf6b198,0x00000000dc4f0000)
Event: 83.210 GC heap after
Heap after GC invocations=12 (full 2):
 PSYoungGen      total 139200K, used 25669K [0x00000000f5560000, 0x0000000100000000, 0x0000000100000000)
  eden space 108416K, 0% used [0x00000000f5560000,0x00000000f5560000,0x00000000fbf40000)
  from space 30784K, 83% used [0x00000000fe1f0000,0x00000000ffb01548,0x0000000100000000)
  to   space 33152K, 0% used [0x00000000fbf40000,0x00000000fbf40000,0x00000000fdfa0000)
 ParOldGen       total 63360K, used 48169K [0x00000000e0000000, 0x00000000e3de0000, 0x00000000f5560000)
  object space 63360K, 76% used [0x00000000e0000000,0x00000000e2f0a4e0,0x00000000e3de0000)
 PSPermGen       total 23488K, used 17836K [0x00000000dae00000, 0x00000000dc4f0000, 0x00000000e0000000)
  object space 23488K, 75% used [0x00000000dae00000,0x00000000dbf6b198,0x00000000dc4f0000)
}

